<?xml version="1.0" encoding="UTF-8"?>
<!-- Generated by org.testng.reporters.JUnitReportReporter -->
<testsuite hostname="LIN24003548" failures="0" tests="1" name="com.niraj.TestCountryName" time="0.918" errors="0" timestamp="2020-08-29T14:17:07 IST" skipped="0">
  <testcase classname="com.niraj.TestCountryName" name="extractCountryname" time="0.918"/>
  <system-out/>
</testsuite> <!-- com.niraj.TestCountryName -->
