<?xml version="1.0" encoding="UTF-8"?>
<!-- Generated by org.testng.reporters.JUnitReportReporter -->
<testsuite hostname="LIN24003548" failures="0" tests="2" name="com.niraj.TestResponseCodes" time="1.312" errors="0" timestamp="2020-08-29T14:17:07 IST" skipped="0">
  <testcase classname="com.niraj.TestResponseCodes" name="Method1" time="0.583"/>
  <system-out/>
  <testcase classname="com.niraj.TestResponseCodes" name="Method2" time="0.729"/>
  <system-out/>
</testsuite> <!-- com.niraj.TestResponseCodes -->
