<?xml version="1.0" encoding="UTF-8"?>
<!-- Generated by org.testng.reporters.JUnitReportReporter -->
<testsuite hostname="LIN24003548" failures="0" tests="1" name="com.niraj.TestAllHeaders" time="3.724" errors="0" timestamp="2020-08-29T17:41:47 IST" skipped="0">
  <testcase classname="com.niraj.TestAllHeaders" name="printAllHeaders" time="3.724"/>
  <system-out/>
</testsuite> <!-- com.niraj.TestAllHeaders -->
