<?xml version="1.0" encoding="UTF-8"?>
<!-- Generated by org.testng.reporters.JUnitReportReporter -->
<testsuite hostname="LIN24003548" failures="0" tests="5" name="com.niraj.TestCountriesInformation" time="5.814" errors="0" timestamp="2020-08-29T14:17:07 IST" skipped="0">
  <testcase classname="com.niraj.TestCountriesInformation" name="responseUsingFullName" time="0.685"/>
  <system-out/>
  <testcase classname="com.niraj.TestCountriesInformation" name="responseUsingCapital" time="2.833"/>
  <system-out/>
  <testcase classname="com.niraj.TestCountriesInformation" name="responseUsingListOfCodes" time="0.719"/>
  <system-out/>
  <testcase classname="com.niraj.TestCountriesInformation" name="responseUsingCurrency" time="0.883"/>
  <system-out/>
  <testcase classname="com.niraj.TestCountriesInformation" name="responseUsingLanguage" time="0.694"/>
  <system-out/>
</testsuite> <!-- com.niraj.TestCountriesInformation -->
