<?xml version="1.0" encoding="UTF-8"?>
<!-- Generated by org.testng.reporters.JUnitReportReporter -->
<testsuite hostname="LIN24003548" failures="0" tests="5" name="com.niraj.APITest_Method" time="6.861" errors="0" timestamp="2020-08-29T00:43:35 IST" skipped="0">
  <testcase classname="com.niraj.APITest_Method" name="Method1" time="3.766"/>
  <system-out/>
  <testcase classname="com.niraj.APITest_Method" name="Method2" time="0.762"/>
  <system-out/>
  <testcase classname="com.niraj.APITest_Method" name="Method4" time="0.767"/>
  <system-out/>
  <testcase classname="com.niraj.APITest_Method" name="Method5" time="0.735"/>
  <system-out/>
  <testcase classname="com.niraj.APITest_Method" name="Method3" time="0.831"/>
  <system-out/>
</testsuite> <!-- com.niraj.APITest_Method -->
