<?xml version="1.0" encoding="UTF-8"?>
<!-- Generated by org.testng.reporters.JUnitReportReporter -->
<testsuite skipped="0" hostname="LAPTOP-H8JF567B" name="com.niraj.TestResponseCodes" tests="2" failures="0" timestamp="2020-09-02T15:57:28 IST" time="1.935" errors="0">
  <testcase name="Method2" time="1.006" classname="com.niraj.TestResponseCodes"/>
  <system-out/>
  <testcase name="Method1" time="0.929" classname="com.niraj.TestResponseCodes"/>
  <system-out/>
</testsuite> <!-- com.niraj.TestResponseCodes -->
