<?xml version="1.0" encoding="UTF-8"?>
<!-- Generated by org.testng.reporters.JUnitReportReporter -->
<testsuite skipped="0" hostname="LAPTOP-H8JF567B" name="com.niraj.TestCountryName" tests="1" failures="0" timestamp="2020-09-02T15:57:28 IST" time="1.130" errors="0">
  <testcase name="extractCountryname" time="1.130" classname="com.niraj.TestCountryName"/>
  <system-out/>
</testsuite> <!-- com.niraj.TestCountryName -->
