<?xml version="1.0" encoding="UTF-8"?>
<!-- Generated by org.testng.reporters.JUnitReportReporter -->
<testsuite skipped="0" hostname="LAPTOP-H8JF567B" name="com.niraj.TestCountriesInformation" tests="5" failures="0" timestamp="2020-09-02T15:57:28 IST" time="5.491" errors="0">
  <testcase name="responseUsingFullName" time="0.981" classname="com.niraj.TestCountriesInformation"/>
  <system-out/>
  <testcase name="responseUsingLanguage" time="1.647" classname="com.niraj.TestCountriesInformation"/>
  <system-out/>
  <testcase name="responseUsingCurrency" time="0.972" classname="com.niraj.TestCountriesInformation"/>
  <system-out/>
  <testcase name="responseUsingCapital" time="0.951" classname="com.niraj.TestCountriesInformation"/>
  <system-out/>
  <testcase name="responseUsingListOfCodes" time="0.940" classname="com.niraj.TestCountriesInformation"/>
  <system-out/>
</testsuite> <!-- com.niraj.TestCountriesInformation -->
