<?xml version="1.0" encoding="UTF-8"?>
<!-- Generated by org.testng.reporters.JUnitReportReporter -->
<testsuite skipped="0" hostname="LAPTOP-H8JF567B" name="com.niraj.TestRequestHeaders" tests="1" failures="0" timestamp="2020-09-02T15:57:28 IST" time="4.008" errors="0">
  <testcase name="manipulateHeaders" time="4.008" classname="com.niraj.TestRequestHeaders"/>
  <system-out/>
</testsuite> <!-- com.niraj.TestRequestHeaders -->
